<?xml version="1.0" encoding="UTF-8"?>
<!-- Generated by org.testng.reporters.JUnitReportReporter -->
<testsuite skipped="0" hostname="SRA2" name="Setup.NewTest" tests="1" failures="0" timestamp="06 Dec 2017 19:50:12 GMT" time="38.277" errors="0">
  <testcase name="f" time="38.277" classname="Setup.NewTest"/>
</testsuite> <!-- Setup.NewTest -->
