<?xml version="1.0" encoding="UTF-8"?>
<!-- Generated by org.testng.reporters.JUnitReportReporter -->
<testsuite skipped="1" hostname="SRA2" name="Setup.NewTest" tests="1" failures="0" timestamp="09 Sep 2017 18:14:34 GMT" time="0.001" errors="0">
  <testcase name="f" time="0.001" classname="Setup.NewTest">
    <skipped/>
  </testcase> <!-- f -->
</testsuite> <!-- Setup.NewTest -->
